<?xml version="1.0" encoding="UTF-8"?>
<!-- Generated by org.testng.reporters.JUnitReportReporter -->
<testsuite hostname="PC-15" failures="0" tests="9" name="cUcpr.Search" time="0.058" errors="0" timestamp="23 Sep 2022 10:48:23 GMT">
  <testcase classname="cUcpr.Search" name="I_should_see_Books_at_Amazon_as_heading" time="0.004"/>
  <testcase classname="cUcpr.Search" name="I_should_see_the_books_page_loaded" time="0.003"/>
  <testcase classname="cUcpr.Search" name="I_visit_the_website_as_a_guest_user" time="0.024"/>
  <testcase classname="cUcpr.Search" name="I_should_see_the_Baby_page_loaded" time="0.003"/>
  <testcase classname="cUcpr.Search" name="I_select_the_books_option_from_the_dropdown" time="0.003"/>
  <testcase classname="cUcpr.Search" name="I_select_the_Baby_option_from_the_dropdown" time="0.004"/>
  <testcase classname="cUcpr.Search" name="I_should_see_The_baby_store_as_heading" time="0.004"/>
  <testcase classname="cUcpr.Search" name="I_click_on_Search_icon" time="0.002"/>
  <testcase classname="cUcpr.Search" name="I_should_not_see_other_category_products" time="0.011"/>
</testsuite> <!-- cUcpr.Search -->
